<?xml version="1.0" encoding="UTF-8"?>
<coverage generated="1785118865469" clover="3.2.0">
  <project timestamp="1785118865470" name="All files">
    <metrics statements="107" coveredstatements="107" conditionals="49" coveredconditionals="49" methods="41" coveredmethods="41" elements="197" coveredelements="197" complexity="0" loc="107" ncloc="107" packages="1" files="1" classes="1"/>
    <file name="StudentDashboard.jsx" path="D:\React.JS Projects\student-performance-dashboard\src\StudentDashboard.jsx">
      <metrics statements="107" coveredstatements="107" conditionals="49" coveredconditionals="49" methods="41" coveredmethods="41"/>
      <line num="5" count="53" type="stmt"/>
      <line num="8" count="53" type="stmt"/>
      <line num="9" count="53" type="stmt"/>
      <line num="10" count="53" type="stmt"/>
      <line num="11" count="53" type="stmt"/>
      <line num="12" count="53" type="stmt"/>
      <line num="15" count="53" type="stmt"/>
      <line num="27" count="53" type="stmt"/>
      <line num="34" count="53" type="stmt"/>
      <line num="35" count="1" type="stmt"/>
      <line num="36" count="1" type="stmt"/>
      <line num="39" count="1" type="stmt"/>
      <line num="40" count="6" type="stmt"/>
      <line num="50" count="53" type="stmt"/>
      <line num="51" count="106" type="cond" truecount="2" falsecount="0"/>
      <line num="53" count="6" type="stmt"/>
      <line num="54" count="36" type="stmt"/>
      <line num="59" count="53" type="stmt"/>
      <line num="60" count="2" type="stmt"/>
      <line num="61" count="2" type="stmt"/>
      <line num="64" count="8" type="stmt"/>
      <line num="65" count="2" type="cond" truecount="2" falsecount="0"/>
      <line num="66" count="1" type="stmt"/>
      <line num="68" count="2" type="stmt"/>
      <line num="72" count="53" type="stmt"/>
      <line num="74" count="7" type="stmt"/>
      <line num="75" count="2" type="cond" truecount="2" falsecount="0"/>
      <line num="76" count="1" type="stmt"/>
      <line num="78" count="2" type="stmt"/>
      <line num="82" count="53" type="stmt"/>
      <line num="83" count="2" type="stmt"/>
      <line num="84" count="2" type="stmt"/>
      <line num="87" count="2" type="stmt"/>
      <line num="88" count="10" type="stmt"/>
      <line num="90" count="2" type="cond" truecount="2" falsecount="0"/>
      <line num="92" count="1" type="stmt"/>
      <line num="94" count="1" type="stmt"/>
      <line num="96" count="1" type="stmt"/>
      <line num="97" count="1" type="stmt"/>
      <line num="99" count="1" type="stmt"/>
      <line num="104" count="53" type="stmt"/>
      <line num="106" count="2" type="stmt"/>
      <line num="107" count="7" type="stmt"/>
      <line num="109" count="2" type="cond" truecount="2" falsecount="0"/>
      <line num="110" count="1" type="stmt"/>
      <line num="112" count="1" type="stmt"/>
      <line num="117" count="53" type="stmt"/>
      <line num="119" count="53" type="stmt"/>
      <line num="120" count="146" type="cond" truecount="3" falsecount="0"/>
      <line num="125" count="53" type="stmt"/>
      <line num="127" count="53" type="stmt"/>
      <line num="128" count="139" type="cond" truecount="2" falsecount="0"/>
      <line num="133" count="53" type="stmt"/>
      <line num="134" count="53" type="cond" truecount="2" falsecount="0"/>
      <line num="136" count="50" type="stmt"/>
      <line num="137" count="282" type="stmt"/>
      <line num="139" count="50" type="stmt"/>
      <line num="143" count="53" type="stmt"/>
      <line num="144" count="53" type="cond" truecount="2" falsecount="0"/>
      <line num="146" count="50" type="stmt"/>
      <line num="147" count="282" type="stmt"/>
      <line num="149" count="50" type="stmt"/>
      <line num="153" count="53" type="stmt"/>
      <line num="155" count="53" type="stmt"/>
      <line num="156" count="282" type="cond" truecount="2" falsecount="0"/>
      <line num="157" count="133" type="stmt"/>
      <line num="159" count="149" type="stmt"/>
      <line num="164" count="53" type="stmt"/>
      <line num="166" count="53" type="stmt"/>
      <line num="170" count="53" type="stmt"/>
      <line num="171" count="2" type="stmt"/>
      <line num="173" count="2" type="stmt"/>
      <line num="175" count="2" type="cond" truecount="2" falsecount="0"/>
      <line num="177" count="1" type="stmt"/>
      <line num="180" count="1" type="stmt"/>
      <line num="183" count="2" type="stmt"/>
      <line num="185" count="2" type="stmt"/>
      <line num="197" count="2" type="stmt"/>
      <line num="201" count="53" type="stmt"/>
      <line num="202" count="2" type="cond" truecount="2" falsecount="0"/>
      <line num="203" count="1" type="stmt"/>
      <line num="205" count="1" type="stmt"/>
      <line num="206" count="1" type="stmt"/>
      <line num="210" count="53" type="stmt"/>
      <line num="211" count="2" type="cond" truecount="2" falsecount="0"/>
      <line num="212" count="1" type="stmt"/>
      <line num="214" count="1" type="stmt"/>
      <line num="215" count="1" type="stmt"/>
      <line num="219" count="53" type="stmt"/>
      <line num="220" count="1" type="stmt"/>
      <line num="222" count="1" type="stmt"/>
      <line num="223" count="1" type="stmt"/>
      <line num="227" count="53" type="stmt"/>
      <line num="274" count="146" type="cond" truecount="2" falsecount="0"/>
      <line num="293" count="2" type="stmt"/>
      <line num="313" count="2" type="stmt"/>
      <line num="354" count="2" type="stmt"/>
      <line num="361" count="2" type="stmt"/>
      <line num="368" count="2" type="stmt"/>
      <line num="374" count="2" type="stmt"/>
      <line num="380" count="2" type="stmt"/>
      <line num="384" count="1" type="stmt"/>
      <line num="396" count="1" type="stmt"/>
      <line num="416" count="3" type="stmt"/>
      <line num="428" count="270" type="cond" truecount="2" falsecount="0"/>
      <line num="430" count="1" type="stmt"/>
      <line num="457" count="1" type="stmt"/>
    </file>
  </project>
</coverage>
