{"D:\\React.JS Projects\\student-performance-dashboard\\src\\StudentDashboard.jsx": {"path":"D:\\React.JS Projects\\student-performance-dashboard\\src\\StudentDashboard.jsx","statementMap":{"0":{"start":{"line":5,"column":34},"end":{"line":5,"column":null}},"1":{"start":{"line":8,"column":44},"end":{"line":8,"column":null}},"2":{"start":{"line":9,"column":42},"end":{"line":9,"column":null}},"3":{"start":{"line":10,"column":42},"end":{"line":10,"column":null}},"4":{"start":{"line":11,"column":54},"end":{"line":11,"column":null}},"5":{"start":{"line":12,"column":42},"end":{"line":12,"column":null}},"6":{"start":{"line":15,"column":38},"end":{"line":26,"column":null}},"7":{"start":{"line":27,"column":38},"end":{"line":27,"column":null}},"8":{"start":{"line":34,"column":8},"end":{"line":47,"column":null}},"9":{"start":{"line":35,"column":4},"end":{"line":35,"column":null}},"10":{"start":{"line":36,"column":4},"end":{"line":36,"column":null}},"11":{"start":{"line":39,"column":4},"end":{"line":43,"column":null}},"12":{"start":{"line":40,"column":6},"end":{"line":42,"column":null}},"13":{"start":{"line":50,"column":8},"end":{"line":56,"column":null}},"14":{"start":{"line":51,"column":4},"end":{"line":51,"column":null}},"15":{"start":{"line":51,"column":33},"end":{"line":51,"column":null}},"16":{"start":{"line":53,"column":6},"end":{"line":55,"column":null}},"17":{"start":{"line":54,"column":6},"end":{"line":54,"column":null}},"18":{"start":{"line":59,"column":8},"end":{"line":69,"column":null}},"19":{"start":{"line":60,"column":4},"end":{"line":60,"column":null}},"20":{"start":{"line":61,"column":23},"end":{"line":61,"column":null}},"21":{"start":{"line":64,"column":19},"end":{"line":64,"column":null}},"22":{"start":{"line":64,"column":46},"end":{"line":64,"column":78}},"23":{"start":{"line":65,"column":4},"end":{"line":67,"column":null}},"24":{"start":{"line":66,"column":6},"end":{"line":66,"column":null}},"25":{"start":{"line":68,"column":4},"end":{"line":68,"column":null}},"26":{"start":{"line":72,"column":8},"end":{"line":79,"column":null}},"27":{"start":{"line":74,"column":18},"end":{"line":74,"column":null}},"28":{"start":{"line":74,"column":47},"end":{"line":74,"column":66}},"29":{"start":{"line":75,"column":4},"end":{"line":77,"column":null}},"30":{"start":{"line":76,"column":8},"end":{"line":76,"column":null}},"31":{"start":{"line":78,"column":4},"end":{"line":78,"column":null}},"32":{"start":{"line":82,"column":8},"end":{"line":101,"column":null}},"33":{"start":{"line":83,"column":4},"end":{"line":83,"column":null}},"34":{"start":{"line":84,"column":23},"end":{"line":84,"column":null}},"35":{"start":{"line":87,"column":24},"end":{"line":89,"column":null}},"36":{"start":{"line":88,"column":6},"end":{"line":88,"column":null}},"37":{"start":{"line":90,"column":4},"end":{"line":100,"column":null}},"38":{"start":{"line":92,"column":26},"end":{"line":92,"column":null}},"39":{"start":{"line":94,"column":6},"end":{"line":94,"column":null}},"40":{"start":{"line":96,"column":6},"end":{"line":96,"column":null}},"41":{"start":{"line":97,"column":6},"end":{"line":97,"column":null}},"42":{"start":{"line":99,"column":6},"end":{"line":99,"column":null}},"43":{"start":{"line":104,"column":8},"end":{"line":114,"column":null}},"44":{"start":{"line":106,"column":18},"end":{"line":108,"column":null}},"45":{"start":{"line":107,"column":6},"end":{"line":107,"column":null}},"46":{"start":{"line":109,"column":4},"end":{"line":113,"column":null}},"47":{"start":{"line":110,"column":6},"end":{"line":110,"column":null}},"48":{"start":{"line":112,"column":6},"end":{"line":112,"column":null}},"49":{"start":{"line":117,"column":8},"end":{"line":122,"column":null}},"50":{"start":{"line":119,"column":4},"end":{"line":121,"column":null}},"51":{"start":{"line":120,"column":6},"end":{"line":120,"column":null}},"52":{"start":{"line":125,"column":8},"end":{"line":130,"column":null}},"53":{"start":{"line":127,"column":4},"end":{"line":129,"column":null}},"54":{"start":{"line":128,"column":6},"end":{"line":128,"column":null}},"55":{"start":{"line":133,"column":8},"end":{"line":140,"column":null}},"56":{"start":{"line":134,"column":4},"end":{"line":134,"column":null}},"57":{"start":{"line":134,"column":31},"end":{"line":134,"column":null}},"58":{"start":{"line":136,"column":22},"end":{"line":138,"column":null}},"59":{"start":{"line":137,"column":6},"end":{"line":137,"column":null}},"60":{"start":{"line":139,"column":4},"end":{"line":139,"column":null}},"61":{"start":{"line":143,"column":8},"end":{"line":150,"column":null}},"62":{"start":{"line":144,"column":4},"end":{"line":144,"column":null}},"63":{"start":{"line":144,"column":31},"end":{"line":144,"column":null}},"64":{"start":{"line":146,"column":25},"end":{"line":148,"column":null}},"65":{"start":{"line":147,"column":6},"end":{"line":147,"column":null}},"66":{"start":{"line":149,"column":4},"end":{"line":149,"column":null}},"67":{"start":{"line":153,"column":8},"end":{"line":161,"column":null}},"68":{"start":{"line":155,"column":4},"end":{"line":160,"column":null}},"69":{"start":{"line":156,"column":6},"end":{"line":158,"column":null}},"70":{"start":{"line":157,"column":8},"end":{"line":157,"column":null}},"71":{"start":{"line":159,"column":6},"end":{"line":159,"column":null}},"72":{"start":{"line":164,"column":8},"end":{"line":167,"column":null}},"73":{"start":{"line":166,"column":4},"end":{"line":166,"column":null}},"74":{"start":{"line":170,"column":8},"end":{"line":198,"column":null}},"75":{"start":{"line":171,"column":4},"end":{"line":171,"column":null}},"76":{"start":{"line":173,"column":24},"end":{"line":173,"column":null}},"77":{"start":{"line":175,"column":4},"end":{"line":181,"column":null}},"78":{"start":{"line":177,"column":6},"end":{"line":177,"column":null}},"79":{"start":{"line":180,"column":6},"end":{"line":180,"column":null}},"80":{"start":{"line":183,"column":4},"end":{"line":183,"column":null}},"81":{"start":{"line":185,"column":4},"end":{"line":196,"column":null}},"82":{"start":{"line":197,"column":4},"end":{"line":197,"column":null}},"83":{"start":{"line":201,"column":8},"end":{"line":207,"column":null}},"84":{"start":{"line":202,"column":4},"end":{"line":202,"column":null}},"85":{"start":{"line":202,"column":31},"end":{"line":202,"column":null}},"86":{"start":{"line":203,"column":24},"end":{"line":203,"column":null}},"87":{"start":{"line":205,"column":4},"end":{"line":205,"column":null}},"88":{"start":{"line":206,"column":4},"end":{"line":206,"column":null}},"89":{"start":{"line":210,"column":8},"end":{"line":216,"column":null}},"90":{"start":{"line":211,"column":4},"end":{"line":211,"column":null}},"91":{"start":{"line":211,"column":31},"end":{"line":211,"column":null}},"92":{"start":{"line":212,"column":24},"end":{"line":212,"column":null}},"93":{"start":{"line":214,"column":4},"end":{"line":214,"column":null}},"94":{"start":{"line":215,"column":4},"end":{"line":215,"column":null}},"95":{"start":{"line":219,"column":8},"end":{"line":224,"column":null}},"96":{"start":{"line":220,"column":24},"end":{"line":220,"column":null}},"97":{"start":{"line":222,"column":4},"end":{"line":222,"column":null}},"98":{"start":{"line":223,"column":4},"end":{"line":223,"column":null}},"99":{"start":{"line":227,"column":2},"end":{"line":452,"column":null}},"100":{"start":{"line":274,"column":12},"end":{"line":276,"column":null}},"101":{"start":{"line":293,"column":31},"end":{"line":293,"column":null}},"102":{"start":{"line":313,"column":31},"end":{"line":313,"column":null}},"103":{"start":{"line":354,"column":31},"end":{"line":354,"column":null}},"104":{"start":{"line":361,"column":31},"end":{"line":361,"column":null}},"105":{"start":{"line":368,"column":31},"end":{"line":368,"column":null}},"106":{"start":{"line":374,"column":31},"end":{"line":374,"column":null}},"107":{"start":{"line":380,"column":31},"end":{"line":380,"column":null}},"108":{"start":{"line":384,"column":31},"end":{"line":384,"column":null}},"109":{"start":{"line":396,"column":33},"end":{"line":396,"column":null}},"110":{"start":{"line":416,"column":59},"end":{"line":416,"column":null}},"111":{"start":{"line":428,"column":12},"end":{"line":448,"column":null}},"112":{"start":{"line":430,"column":31},"end":{"line":430,"column":null}},"113":{"start":{"line":457,"column":15},"end":{"line":479,"column":null}}},"fnMap":{"0":{"name":"StudentDashboard","decl":{"start":{"line":3,"column":24},"end":{"line":3,"column":41}},"loc":{"start":{"line":3,"column":66},"end":{"line":454,"column":null}},"line":3},"1":{"name":"(anonymous_1)","decl":{"start":{"line":34,"column":8},"end":{"line":34,"column":35}},"loc":{"start":{"line":34,"column":35},"end":{"line":47,"column":null}},"line":34},"2":{"name":"(anonymous_2)","decl":{"start":{"line":39,"column":13},"end":{"line":39,"column":22}},"loc":{"start":{"line":39,"column":34},"end":{"line":43,"column":5}},"line":39},"3":{"name":"(anonymous_3)","decl":{"start":{"line":50,"column":8},"end":{"line":50,"column":36}},"loc":{"start":{"line":50,"column":36},"end":{"line":56,"column":null}},"line":50},"4":{"name":"(anonymous_4)","decl":{"start":{"line":53,"column":22},"end":{"line":53,"column":30}},"loc":{"start":{"line":53,"column":42},"end":{"line":55,"column":5}},"line":53},"5":{"name":"(anonymous_5)","decl":{"start":{"line":59,"column":8},"end":{"line":59,"column":32}},"loc":{"start":{"line":59,"column":38},"end":{"line":69,"column":null}},"line":59},"6":{"name":"(anonymous_6)","decl":{"start":{"line":64,"column":28},"end":{"line":64,"column":34}},"loc":{"start":{"line":64,"column":46},"end":{"line":64,"column":78}},"line":64},"7":{"name":"(anonymous_7)","decl":{"start":{"line":72,"column":8},"end":{"line":72,"column":39}},"loc":{"start":{"line":72,"column":39},"end":{"line":79,"column":null}},"line":72},"8":{"name":"(anonymous_8)","decl":{"start":{"line":74,"column":27},"end":{"line":74,"column":37}},"loc":{"start":{"line":74,"column":47},"end":{"line":74,"column":66}},"line":74},"9":{"name":"(anonymous_9)","decl":{"start":{"line":82,"column":8},"end":{"line":82,"column":32}},"loc":{"start":{"line":82,"column":38},"end":{"line":101,"column":null}},"line":82},"10":{"name":"(anonymous_10)","decl":{"start":{"line":87,"column":33},"end":{"line":87,"column":44}},"loc":{"start":{"line":87,"column":54},"end":{"line":89,"column":5}},"line":87},"11":{"name":"(anonymous_11)","decl":{"start":{"line":104,"column":8},"end":{"line":104,"column":42}},"loc":{"start":{"line":104,"column":42},"end":{"line":114,"column":null}},"line":104},"12":{"name":"(anonymous_12)","decl":{"start":{"line":106,"column":27},"end":{"line":106,"column":42}},"loc":{"start":{"line":106,"column":52},"end":{"line":108,"column":5}},"line":106},"13":{"name":"(anonymous_13)","decl":{"start":{"line":117,"column":8},"end":{"line":117,"column":38}},"loc":{"start":{"line":117,"column":38},"end":{"line":122,"column":null}},"line":117},"14":{"name":"(anonymous_14)","decl":{"start":{"line":119,"column":20},"end":{"line":119,"column":26}},"loc":{"start":{"line":119,"column":36},"end":{"line":121,"column":5}},"line":119},"15":{"name":"(anonymous_15)","decl":{"start":{"line":125,"column":8},"end":{"line":125,"column":43}},"loc":{"start":{"line":125,"column":43},"end":{"line":130,"column":null}},"line":125},"16":{"name":"(anonymous_16)","decl":{"start":{"line":127,"column":20},"end":{"line":127,"column":27}},"loc":{"start":{"line":127,"column":37},"end":{"line":129,"column":5}},"line":127},"17":{"name":"(anonymous_17)","decl":{"start":{"line":133,"column":8},"end":{"line":133,"column":36}},"loc":{"start":{"line":133,"column":36},"end":{"line":140,"column":null}},"line":133},"18":{"name":"(anonymous_18)","decl":{"start":{"line":136,"column":31},"end":{"line":136,"column":39}},"loc":{"start":{"line":136,"column":59},"end":{"line":138,"column":7}},"line":136},"19":{"name":"(anonymous_19)","decl":{"start":{"line":143,"column":8},"end":{"line":143,"column":39}},"loc":{"start":{"line":143,"column":39},"end":{"line":150,"column":null}},"line":143},"20":{"name":"(anonymous_20)","decl":{"start":{"line":146,"column":34},"end":{"line":146,"column":42}},"loc":{"start":{"line":146,"column":65},"end":{"line":148,"column":7}},"line":146},"21":{"name":"(anonymous_21)","decl":{"start":{"line":153,"column":8},"end":{"line":153,"column":32}},"loc":{"start":{"line":153,"column":32},"end":{"line":161,"column":null}},"line":153},"22":{"name":"(anonymous_22)","decl":{"start":{"line":155,"column":20},"end":{"line":155,"column":28}},"loc":{"start":{"line":155,"column":52},"end":{"line":160,"column":6}},"line":155},"23":{"name":"(anonymous_23)","decl":{"start":{"line":164,"column":8},"end":{"line":164,"column":36}},"loc":{"start":{"line":164,"column":36},"end":{"line":167,"column":null}},"line":164},"24":{"name":"(anonymous_24)","decl":{"start":{"line":170,"column":8},"end":{"line":170,"column":28}},"loc":{"start":{"line":170,"column":34},"end":{"line":198,"column":null}},"line":170},"25":{"name":"(anonymous_25)","decl":{"start":{"line":201,"column":8},"end":{"line":201,"column":40}},"loc":{"start":{"line":201,"column":40},"end":{"line":207,"column":null}},"line":201},"26":{"name":"(anonymous_26)","decl":{"start":{"line":210,"column":8},"end":{"line":210,"column":41}},"loc":{"start":{"line":210,"column":41},"end":{"line":216,"column":null}},"line":210},"27":{"name":"(anonymous_27)","decl":{"start":{"line":219,"column":8},"end":{"line":219,"column":35}},"loc":{"start":{"line":219,"column":45},"end":{"line":224,"column":null}},"line":219},"28":{"name":"(anonymous_28)","decl":{"start":{"line":273,"column":33},"end":{"line":273,"column":38}},"loc":{"start":{"line":274,"column":12},"end":{"line":276,"column":null}},"line":274},"29":{"name":"(anonymous_29)","decl":{"start":{"line":293,"column":14},"end":{"line":293,"column":25}},"loc":{"start":{"line":293,"column":31},"end":{"line":293,"column":null}},"line":293},"30":{"name":"(anonymous_30)","decl":{"start":{"line":313,"column":14},"end":{"line":313,"column":25}},"loc":{"start":{"line":313,"column":31},"end":{"line":313,"column":null}},"line":313},"31":{"name":"(anonymous_31)","decl":{"start":{"line":354,"column":14},"end":{"line":354,"column":25}},"loc":{"start":{"line":354,"column":31},"end":{"line":354,"column":null}},"line":354},"32":{"name":"(anonymous_32)","decl":{"start":{"line":361,"column":14},"end":{"line":361,"column":25}},"loc":{"start":{"line":361,"column":31},"end":{"line":361,"column":null}},"line":361},"33":{"name":"(anonymous_33)","decl":{"start":{"line":368,"column":14},"end":{"line":368,"column":25}},"loc":{"start":{"line":368,"column":31},"end":{"line":368,"column":null}},"line":368},"34":{"name":"(anonymous_34)","decl":{"start":{"line":374,"column":14},"end":{"line":374,"column":25}},"loc":{"start":{"line":374,"column":31},"end":{"line":374,"column":null}},"line":374},"35":{"name":"(anonymous_35)","decl":{"start":{"line":380,"column":14},"end":{"line":380,"column":25}},"loc":{"start":{"line":380,"column":31},"end":{"line":380,"column":null}},"line":380},"36":{"name":"(anonymous_36)","decl":{"start":{"line":384,"column":14},"end":{"line":384,"column":25}},"loc":{"start":{"line":384,"column":31},"end":{"line":384,"column":null}},"line":384},"37":{"name":"(anonymous_37)","decl":{"start":{"line":396,"column":16},"end":{"line":396,"column":27}},"loc":{"start":{"line":396,"column":33},"end":{"line":396,"column":null}},"line":396},"38":{"name":"(anonymous_38)","decl":{"start":{"line":416,"column":42},"end":{"line":416,"column":53}},"loc":{"start":{"line":416,"column":59},"end":{"line":416,"column":null}},"line":416},"39":{"name":"(anonymous_39)","decl":{"start":{"line":427,"column":33},"end":{"line":427,"column":38}},"loc":{"start":{"line":428,"column":12},"end":{"line":448,"column":null}},"line":428},"40":{"name":"(anonymous_40)","decl":{"start":{"line":430,"column":16},"end":{"line":430,"column":31}},"loc":{"start":{"line":430,"column":31},"end":{"line":430,"column":null}},"line":430}},"branchMap":{"0":{"loc":{"start":{"line":51,"column":4},"end":{"line":51,"column":null}},"type":"if","locations":[{"start":{"line":51,"column":4},"end":{"line":51,"column":null}},{"start":{},"end":{}}],"line":51},"1":{"loc":{"start":{"line":65,"column":4},"end":{"line":67,"column":null}},"type":"if","locations":[{"start":{"line":65,"column":4},"end":{"line":67,"column":null}},{"start":{},"end":{}}],"line":65},"2":{"loc":{"start":{"line":75,"column":4},"end":{"line":77,"column":null}},"type":"if","locations":[{"start":{"line":75,"column":4},"end":{"line":77,"column":null}},{"start":{},"end":{}}],"line":75},"3":{"loc":{"start":{"line":90,"column":4},"end":{"line":100,"column":null}},"type":"if","locations":[{"start":{"line":90,"column":4},"end":{"line":100,"column":null}},{"start":{"line":98,"column":11},"end":{"line":100,"column":null}}],"line":90},"4":{"loc":{"start":{"line":109,"column":4},"end":{"line":113,"column":null}},"type":"if","locations":[{"start":{"line":109,"column":4},"end":{"line":113,"column":null}},{"start":{"line":111,"column":11},"end":{"line":113,"column":null}}],"line":109},"5":{"loc":{"start":{"line":120,"column":14},"end":{"line":120,"column":null}},"type":"binary-expr","locations":[{"start":{"line":120,"column":14},"end":{"line":120,"column":35}},{"start":{"line":120,"column":35},"end":{"line":120,"column":59}},{"start":{"line":120,"column":59},"end":{"line":120,"column":null}}],"line":120},"6":{"loc":{"start":{"line":128,"column":14},"end":{"line":128,"column":null}},"type":"binary-expr","locations":[{"start":{"line":128,"column":14},"end":{"line":128,"column":37}},{"start":{"line":128,"column":37},"end":{"line":128,"column":null}}],"line":128},"7":{"loc":{"start":{"line":134,"column":4},"end":{"line":134,"column":null}},"type":"if","locations":[{"start":{"line":134,"column":4},"end":{"line":134,"column":null}},{"start":{},"end":{}}],"line":134},"8":{"loc":{"start":{"line":144,"column":4},"end":{"line":144,"column":null}},"type":"if","locations":[{"start":{"line":144,"column":4},"end":{"line":144,"column":null}},{"start":{},"end":{}}],"line":144},"9":{"loc":{"start":{"line":156,"column":6},"end":{"line":158,"column":null}},"type":"if","locations":[{"start":{"line":156,"column":6},"end":{"line":158,"column":null}},{"start":{},"end":{}}],"line":156},"10":{"loc":{"start":{"line":175,"column":4},"end":{"line":181,"column":null}},"type":"if","locations":[{"start":{"line":175,"column":4},"end":{"line":181,"column":null}},{"start":{"line":178,"column":11},"end":{"line":181,"column":null}}],"line":175},"11":{"loc":{"start":{"line":202,"column":4},"end":{"line":202,"column":null}},"type":"if","locations":[{"start":{"line":202,"column":4},"end":{"line":202,"column":null}},{"start":{},"end":{}}],"line":202},"12":{"loc":{"start":{"line":211,"column":4},"end":{"line":211,"column":null}},"type":"if","locations":[{"start":{"line":211,"column":4},"end":{"line":211,"column":null}},{"start":{},"end":{}}],"line":211},"13":{"loc":{"start":{"line":238,"column":9},"end":{"line":243,"column":36}},"type":"binary-expr","locations":[{"start":{"line":238,"column":9},"end":{"line":238,"column":null}},{"start":{"line":239,"column":10},"end":{"line":243,"column":36}}],"line":238},"14":{"loc":{"start":{"line":243,"column":9},"end":{"line":248,"column":null}},"type":"binary-expr","locations":[{"start":{"line":243,"column":9},"end":{"line":243,"column":null}},{"start":{"line":244,"column":10},"end":{"line":248,"column":null}}],"line":243},"15":{"loc":{"start":{"line":274,"column":22},"end":{"line":274,"column":44}},"type":"binary-expr","locations":[{"start":{"line":274,"column":22},"end":{"line":274,"column":39}},{"start":{"line":274,"column":39},"end":{"line":274,"column":44}}],"line":274},"16":{"loc":{"start":{"line":299,"column":11},"end":{"line":302,"column":null}},"type":"binary-expr","locations":[{"start":{"line":299,"column":11},"end":{"line":299,"column":null}},{"start":{"line":300,"column":12},"end":{"line":302,"column":null}}],"line":299},"17":{"loc":{"start":{"line":329,"column":11},"end":{"line":332,"column":null}},"type":"binary-expr","locations":[{"start":{"line":329,"column":11},"end":{"line":329,"column":null}},{"start":{"line":330,"column":12},"end":{"line":332,"column":null}}],"line":329},"18":{"loc":{"start":{"line":360,"column":21},"end":{"line":360,"column":null}},"type":"binary-expr","locations":[{"start":{"line":360,"column":21},"end":{"line":360,"column":47}},{"start":{"line":360,"column":47},"end":{"line":360,"column":null}}],"line":360},"19":{"loc":{"start":{"line":367,"column":21},"end":{"line":367,"column":null}},"type":"binary-expr","locations":[{"start":{"line":367,"column":21},"end":{"line":367,"column":40}},{"start":{"line":367,"column":40},"end":{"line":367,"column":null}}],"line":367},"20":{"loc":{"start":{"line":373,"column":21},"end":{"line":373,"column":null}},"type":"binary-expr","locations":[{"start":{"line":373,"column":21},"end":{"line":373,"column":43}},{"start":{"line":373,"column":43},"end":{"line":373,"column":null}}],"line":373},"21":{"loc":{"start":{"line":379,"column":21},"end":{"line":379,"column":null}},"type":"binary-expr","locations":[{"start":{"line":379,"column":21},"end":{"line":379,"column":45}},{"start":{"line":379,"column":45},"end":{"line":379,"column":null}}],"line":379},"22":{"loc":{"start":{"line":402,"column":15},"end":{"line":402,"column":null}},"type":"cond-expr","locations":[{"start":{"line":402,"column":28},"end":{"line":402,"column":59}},{"start":{"line":402,"column":59},"end":{"line":402,"column":null}}],"line":402},"23":{"loc":{"start":{"line":428,"column":22},"end":{"line":428,"column":52}},"type":"binary-expr","locations":[{"start":{"line":428,"column":22},"end":{"line":428,"column":45}},{"start":{"line":428,"column":45},"end":{"line":428,"column":52}}],"line":428}},"s":{"0":53,"1":53,"2":53,"3":53,"4":53,"5":53,"6":53,"7":53,"8":53,"9":1,"10":1,"11":1,"12":6,"13":53,"14":106,"15":100,"16":6,"17":36,"18":53,"19":2,"20":2,"21":2,"22":8,"23":2,"24":1,"25":2,"26":53,"27":2,"28":7,"29":2,"30":1,"31":2,"32":53,"33":2,"34":2,"35":2,"36":10,"37":2,"38":1,"39":1,"40":1,"41":1,"42":1,"43":53,"44":2,"45":7,"46":2,"47":1,"48":1,"49":53,"50":53,"51":146,"52":53,"53":53,"54":139,"55":53,"56":53,"57":3,"58":50,"59":282,"60":50,"61":53,"62":53,"63":3,"64":50,"65":282,"66":50,"67":53,"68":53,"69":282,"70":133,"71":149,"72":53,"73":53,"74":53,"75":2,"76":2,"77":2,"78":1,"79":1,"80":2,"81":2,"82":2,"83":53,"84":2,"85":1,"86":1,"87":1,"88":1,"89":53,"90":2,"91":1,"92":1,"93":1,"94":1,"95":53,"96":1,"97":1,"98":1,"99":53,"100":146,"101":2,"102":2,"103":2,"104":2,"105":2,"106":2,"107":2,"108":1,"109":1,"110":3,"111":270,"112":1,"113":1},"f":{"0":53,"1":1,"2":6,"3":106,"4":36,"5":2,"6":8,"7":2,"8":7,"9":2,"10":10,"11":2,"12":7,"13":53,"14":146,"15":53,"16":139,"17":53,"18":282,"19":53,"20":282,"21":53,"22":282,"23":53,"24":2,"25":2,"26":2,"27":1,"28":146,"29":2,"30":2,"31":2,"32":2,"33":2,"34":2,"35":2,"36":1,"37":1,"38":3,"39":270,"40":1},"b":{"0":[100,6],"1":[1,1],"2":[1,1],"3":[1,1],"4":[1,1],"5":[146,144,144],"6":[139,92],"7":[3,50],"8":[3,50],"9":[133,149],"10":[1,1],"11":[1,1],"12":[1,1],"13":[53,47],"14":[53,4],"15":[146,8],"16":[53,1],"17":[53,1],"18":[53,43],"19":[53,45],"20":[53,47],"21":[53,49],"22":[1,52],"23":[270,8]},"meta":{"lastBranch":24,"lastFunction":41,"lastStatement":114,"seen":{"f:3:24:3:41":0,"s:5:34:5:Infinity":0,"s:8:44:8:Infinity":1,"s:9:42:9:Infinity":2,"s:10:42:10:Infinity":3,"s:11:54:11:Infinity":4,"s:12:42:12:Infinity":5,"s:15:38:26:Infinity":6,"s:27:38:27:Infinity":7,"s:34:8:47:Infinity":8,"f:34:8:34:35":1,"s:35:4:35:Infinity":9,"s:36:4:36:Infinity":10,"s:39:4:43:Infinity":11,"f:39:13:39:22":2,"s:40:6:42:Infinity":12,"s:50:8:56:Infinity":13,"f:50:8:50:36":3,"b:51:4:51:Infinity:undefined:undefined:undefined:undefined":0,"s:51:4:51:Infinity":14,"s:51:33:51:Infinity":15,"s:53:6:55:Infinity":16,"f:53:22:53:30":4,"s:54:6:54:Infinity":17,"s:59:8:69:Infinity":18,"f:59:8:59:32":5,"s:60:4:60:Infinity":19,"s:61:23:61:Infinity":20,"s:64:19:64:Infinity":21,"f:64:28:64:34":6,"s:64:46:64:78":22,"b:65:4:67:Infinity:undefined:undefined:undefined:undefined":1,"s:65:4:67:Infinity":23,"s:66:6:66:Infinity":24,"s:68:4:68:Infinity":25,"s:72:8:79:Infinity":26,"f:72:8:72:39":7,"s:74:18:74:Infinity":27,"f:74:27:74:37":8,"s:74:47:74:66":28,"b:75:4:77:Infinity:undefined:undefined:undefined:undefined":2,"s:75:4:77:Infinity":29,"s:76:8:76:Infinity":30,"s:78:4:78:Infinity":31,"s:82:8:101:Infinity":32,"f:82:8:82:32":9,"s:83:4:83:Infinity":33,"s:84:23:84:Infinity":34,"s:87:24:89:Infinity":35,"f:87:33:87:44":10,"s:88:6:88:Infinity":36,"b:90:4:100:Infinity:98:11:100:Infinity":3,"s:90:4:100:Infinity":37,"s:92:26:92:Infinity":38,"s:94:6:94:Infinity":39,"s:96:6:96:Infinity":40,"s:97:6:97:Infinity":41,"s:99:6:99:Infinity":42,"s:104:8:114:Infinity":43,"f:104:8:104:42":11,"s:106:18:108:Infinity":44,"f:106:27:106:42":12,"s:107:6:107:Infinity":45,"b:109:4:113:Infinity:111:11:113:Infinity":4,"s:109:4:113:Infinity":46,"s:110:6:110:Infinity":47,"s:112:6:112:Infinity":48,"s:117:8:122:Infinity":49,"f:117:8:117:38":13,"s:119:4:121:Infinity":50,"f:119:20:119:26":14,"s:120:6:120:Infinity":51,"b:120:14:120:35:120:35:120:59:120:59:120:Infinity":5,"s:125:8:130:Infinity":52,"f:125:8:125:43":15,"s:127:4:129:Infinity":53,"f:127:20:127:27":16,"s:128:6:128:Infinity":54,"b:128:14:128:37:128:37:128:Infinity":6,"s:133:8:140:Infinity":55,"f:133:8:133:36":17,"b:134:4:134:Infinity:undefined:undefined:undefined:undefined":7,"s:134:4:134:Infinity":56,"s:134:31:134:Infinity":57,"s:136:22:138:Infinity":58,"f:136:31:136:39":18,"s:137:6:137:Infinity":59,"s:139:4:139:Infinity":60,"s:143:8:150:Infinity":61,"f:143:8:143:39":19,"b:144:4:144:Infinity:undefined:undefined:undefined:undefined":8,"s:144:4:144:Infinity":62,"s:144:31:144:Infinity":63,"s:146:25:148:Infinity":64,"f:146:34:146:42":20,"s:147:6:147:Infinity":65,"s:149:4:149:Infinity":66,"s:153:8:161:Infinity":67,"f:153:8:153:32":21,"s:155:4:160:Infinity":68,"f:155:20:155:28":22,"b:156:6:158:Infinity:undefined:undefined:undefined:undefined":9,"s:156:6:158:Infinity":69,"s:157:8:157:Infinity":70,"s:159:6:159:Infinity":71,"s:164:8:167:Infinity":72,"f:164:8:164:36":23,"s:166:4:166:Infinity":73,"s:170:8:198:Infinity":74,"f:170:8:170:28":24,"s:171:4:171:Infinity":75,"s:173:24:173:Infinity":76,"b:175:4:181:Infinity:178:11:181:Infinity":10,"s:175:4:181:Infinity":77,"s:177:6:177:Infinity":78,"s:180:6:180:Infinity":79,"s:183:4:183:Infinity":80,"s:185:4:196:Infinity":81,"s:197:4:197:Infinity":82,"s:201:8:207:Infinity":83,"f:201:8:201:40":25,"b:202:4:202:Infinity:undefined:undefined:undefined:undefined":11,"s:202:4:202:Infinity":84,"s:202:31:202:Infinity":85,"s:203:24:203:Infinity":86,"s:205:4:205:Infinity":87,"s:206:4:206:Infinity":88,"s:210:8:216:Infinity":89,"f:210:8:210:41":26,"b:211:4:211:Infinity:undefined:undefined:undefined:undefined":12,"s:211:4:211:Infinity":90,"s:211:31:211:Infinity":91,"s:212:24:212:Infinity":92,"s:214:4:214:Infinity":93,"s:215:4:215:Infinity":94,"s:219:8:224:Infinity":95,"f:219:8:219:35":27,"s:220:24:220:Infinity":96,"s:222:4:222:Infinity":97,"s:223:4:223:Infinity":98,"s:227:2:452:Infinity":99,"b:238:9:238:Infinity:239:10:243:36":13,"b:243:9:243:Infinity:244:10:248:Infinity":14,"f:273:33:273:38":28,"s:274:12:276:Infinity":100,"b:274:22:274:39:274:39:274:44":15,"f:293:14:293:25":29,"s:293:31:293:Infinity":101,"b:299:11:299:Infinity:300:12:302:Infinity":16,"f:313:14:313:25":30,"s:313:31:313:Infinity":102,"b:329:11:329:Infinity:330:12:332:Infinity":17,"f:354:14:354:25":31,"s:354:31:354:Infinity":103,"b:360:21:360:47:360:47:360:Infinity":18,"f:361:14:361:25":32,"s:361:31:361:Infinity":104,"b:367:21:367:40:367:40:367:Infinity":19,"f:368:14:368:25":33,"s:368:31:368:Infinity":105,"b:373:21:373:43:373:43:373:Infinity":20,"f:374:14:374:25":34,"s:374:31:374:Infinity":106,"b:379:21:379:45:379:45:379:Infinity":21,"f:380:14:380:25":35,"s:380:31:380:Infinity":107,"f:384:14:384:25":36,"s:384:31:384:Infinity":108,"f:396:16:396:27":37,"s:396:33:396:Infinity":109,"b:402:28:402:59:402:59:402:Infinity":22,"f:416:42:416:53":38,"s:416:59:416:Infinity":110,"f:427:33:427:38":39,"s:428:12:448:Infinity":111,"f:430:16:430:31":40,"s:430:31:430:Infinity":112,"b:428:22:428:45:428:45:428:52":23,"s:457:15:479:Infinity":113},"fnNames":{}}}
}
